<?xml version="1.0" encoding="UTF-8"?>
<testng-results ignored="0" total="1" passed="1" failed="0" skipped="0">
  <reporter-output>
  </reporter-output>
  <suite started-at="2024-04-18T16:10:10 IST" name="Default suite" finished-at="2024-04-18T16:10:21 IST" duration-ms="10219">
    <groups>
    </groups>
    <test started-at="2024-04-18T16:10:10 IST" name="Default test" finished-at="2024-04-18T16:10:21 IST" duration-ms="10219">
      <class name="XYZBankAutomation.Tests.AddCustomerTest">
        <test-method is-config="true" signature="launchApplication()[pri:0, instance:XYZBankAutomation.Tests.AddCustomerTest@3fb1549b]" started-at="2024-04-18T16:10:10 IST" name="launchApplication" finished-at="2024-04-18T16:10:17 IST" duration-ms="6219" status="PASS">
          <reporter-output>
          </reporter-output>
        </test-method> <!-- launchApplication -->
        <test-method signature="AddCustomer()[pri:0, instance:XYZBankAutomation.Tests.AddCustomerTest@3fb1549b]" started-at="2024-04-18T16:10:17 IST" name="AddCustomer" finished-at="2024-04-18T16:10:20 IST" duration-ms="3847" status="PASS">
          <reporter-output>
          </reporter-output>
        </test-method> <!-- AddCustomer -->
        <test-method is-config="true" signature="tearDown()[pri:0, instance:XYZBankAutomation.Tests.AddCustomerTest@3fb1549b]" started-at="2024-04-18T16:10:20 IST" name="tearDown" finished-at="2024-04-18T16:10:21 IST" duration-ms="123" status="PASS">
          <reporter-output>
          </reporter-output>
        </test-method> <!-- tearDown -->
      </class> <!-- XYZBankAutomation.Tests.AddCustomerTest -->
    </test> <!-- Default test -->
  </suite> <!-- Default suite -->
</testng-results>
